  [1m[35m (2.3ms)[0m  [1m[34mSELECT sqlite_version(*)[0m
  [1m[35m (1.7ms)[0m  [1m[35mCREATE TABLE "schema_migrations" ("version" varchar NOT NULL PRIMARY KEY)[0m
  [1m[35m (1.3ms)[0m  [1m[35mCREATE TABLE "ar_internal_metadata" ("key" varchar NOT NULL PRIMARY KEY, "value" varchar, "created_at" datetime(6) NOT NULL, "updated_at" datetime(6) NOT NULL)[0m
  [1m[35m (0.1ms)[0m  [1m[34mSELECT "schema_migrations"."version" FROM "schema_migrations" ORDER BY "schema_migrations"."version" ASC[0m
Migrating to CreateBooks (20200609144850)
  [1m[35m (0.1ms)[0m  [1m[36mbegin transaction[0m
  [1m[35m (0.6ms)[0m  [1m[35mCREATE TABLE "books" ("id" integer PRIMARY KEY AUTOINCREMENT NOT NULL, "title" varchar, "created_at" datetime(6) NOT NULL, "updated_at" datetime(6) NOT NULL)[0m
  [1m[36mprimary::SchemaMigration Create (0.1ms)[0m  [1m[32mINSERT INTO "schema_migrations" ("version") VALUES (?)[0m  [["version", "20200609144850"]]
  [1m[35m (1.3ms)[0m  [1m[36mcommit transaction[0m
Migrating to CreateCharacters (20200609145045)
  [1m[35m (0.1ms)[0m  [1m[36mbegin transaction[0m
  [1m[35m (0.4ms)[0m  [1m[35mCREATE TABLE "characters" ("id" integer PRIMARY KEY AUTOINCREMENT NOT NULL, "name" varchar, "book_id" integer NOT NULL, "created_at" datetime(6) NOT NULL, "updated_at" datetime(6) NOT NULL, CONSTRAINT "fk_rails_97b4669ca0"
FOREIGN KEY ("book_id")
  REFERENCES "books" ("id")
)[0m
  [1m[35m (0.1ms)[0m  [1m[35mCREATE  INDEX "index_characters_on_book_id" ON "characters" ("book_id")[0m
  [1m[36mprimary::SchemaMigration Create (0.2ms)[0m  [1m[32mINSERT INTO "schema_migrations" ("version") VALUES (?)[0m  [["version", "20200609145045"]]
  [1m[35m (1.1ms)[0m  [1m[36mcommit transaction[0m
  [1m[36mActiveRecord::InternalMetadata Load (0.2ms)[0m  [1m[34mSELECT "ar_internal_metadata".* FROM "ar_internal_metadata" WHERE "ar_internal_metadata"."key" = ? LIMIT ?[0m  [["key", "environment"], ["LIMIT", 1]]
  [1m[35m (0.0ms)[0m  [1m[36mbegin transaction[0m
  [1m[36mActiveRecord::InternalMetadata Create (0.3ms)[0m  [1m[32mINSERT INTO "ar_internal_metadata" ("key", "value", "created_at", "updated_at") VALUES (?, ?, ?, ?)[0m  [["key", "environment"], ["value", "development"], ["created_at", "2020-06-09 14:51:14.962501"], ["updated_at", "2020-06-09 14:51:14.962501"]]
  [1m[35m (1.2ms)[0m  [1m[36mcommit transaction[0m
  [1m[35m (0.0ms)[0m  [1m[34mSELECT sqlite_version(*)[0m
  [1m[35m (0.1ms)[0m  [1m[34mSELECT "schema_migrations"."version" FROM "schema_migrations" ORDER BY "schema_migrations"."version" ASC[0m
  [1m[35m (1.4ms)[0m  [1m[34mSELECT sqlite_version(*)[0m
  [1m[35m (0.8ms)[0m  [1m[34mSELECT "schema_migrations"."version" FROM "schema_migrations" ORDER BY "schema_migrations"."version" ASC[0m
  [1m[35m (0.1ms)[0m  [1m[34mSELECT sqlite_version(*)[0m
  [1m[36mCharacter Load (0.4ms)[0m  [1m[34mSELECT "characters".* FROM "characters"[0m
  [1m[36mBook Load (0.4ms)[0m  [1m[34mSELECT "books".* FROM "books"[0m
  [1m[35m (0.0ms)[0m  [1m[36mbegin transaction[0m
  [1m[36mBook Create (0.7ms)[0m  [1m[32mINSERT INTO "books" ("title", "created_at", "updated_at") VALUES (?, ?, ?)[0m  [["title", "Way of Kings, The"], ["created_at", "2020-06-09 14:57:01.060375"], ["updated_at", "2020-06-09 14:57:01.060375"]]
  [1m[35m (1.1ms)[0m  [1m[36mcommit transaction[0m
  [1m[35m (0.0ms)[0m  [1m[36mbegin transaction[0m
  [1m[36mBook Create (0.3ms)[0m  [1m[32mINSERT INTO "books" ("title", "created_at", "updated_at") VALUES (?, ?, ?)[0m  [["title", "Steelheart"], ["created_at", "2020-06-09 14:57:01.064830"], ["updated_at", "2020-06-09 14:57:01.064830"]]
  [1m[35m (1.2ms)[0m  [1m[36mcommit transaction[0m
  [1m[35m (0.0ms)[0m  [1m[36mbegin transaction[0m
  [1m[36mBook Create (0.3ms)[0m  [1m[32mINSERT INTO "books" ("title", "created_at", "updated_at") VALUES (?, ?, ?)[0m  [["title", "Storm Front"], ["created_at", "2020-06-09 14:57:01.068763"], ["updated_at", "2020-06-09 14:57:01.068763"]]
  [1m[35m (1.3ms)[0m  [1m[36mcommit transaction[0m
  [1m[35m (0.0ms)[0m  [1m[36mbegin transaction[0m
  [1m[36mCharacter Create (0.8ms)[0m  [1m[32mINSERT INTO "characters" ("name", "book_id", "created_at", "updated_at") VALUES (?, ?, ?, ?)[0m  [["name", "Shalan"], ["book_id", 1], ["created_at", "2020-06-09 14:57:01.085460"], ["updated_at", "2020-06-09 14:57:01.085460"]]
  [1m[35m (1.8ms)[0m  [1m[36mcommit transaction[0m
  [1m[35m (0.0ms)[0m  [1m[36mbegin transaction[0m
  [1m[36mCharacter Create (0.4ms)[0m  [1m[32mINSERT INTO "characters" ("name", "book_id", "created_at", "updated_at") VALUES (?, ?, ?, ?)[0m  [["name", "David"], ["book_id", 2], ["created_at", "2020-06-09 14:57:01.091098"], ["updated_at", "2020-06-09 14:57:01.091098"]]
  [1m[35m (1.2ms)[0m  [1m[36mcommit transaction[0m
  [1m[35m (0.1ms)[0m  [1m[36mbegin transaction[0m
  [1m[36mCharacter Create (0.5ms)[0m  [1m[32mINSERT INTO "characters" ("name", "book_id", "created_at", "updated_at") VALUES (?, ?, ?, ?)[0m  [["name", "Harry"], ["book_id", 3], ["created_at", "2020-06-09 14:57:01.095701"], ["updated_at", "2020-06-09 14:57:01.095701"]]
  [1m[35m (1.3ms)[0m  [1m[36mcommit transaction[0m
  [1m[35m (0.0ms)[0m  [1m[36mbegin transaction[0m
  [1m[36mCharacter Create (0.4ms)[0m  [1m[32mINSERT INTO "characters" ("name", "book_id", "created_at", "updated_at") VALUES (?, ?, ?, ?)[0m  [["name", "Kaladin"], ["book_id", 1], ["created_at", "2020-06-09 14:57:01.101158"], ["updated_at", "2020-06-09 14:57:01.101158"]]
  [1m[35m (1.2ms)[0m  [1m[36mcommit transaction[0m
  [1m[35m (0.0ms)[0m  [1m[36mbegin transaction[0m
  [1m[36mCharacter Create (0.3ms)[0m  [1m[32mINSERT INTO "characters" ("name", "book_id", "created_at", "updated_at") VALUES (?, ?, ?, ?)[0m  [["name", "Megan"], ["book_id", 2], ["created_at", "2020-06-09 14:57:01.105912"], ["updated_at", "2020-06-09 14:57:01.105912"]]
  [1m[35m (1.2ms)[0m  [1m[36mcommit transaction[0m
  [1m[35m (0.0ms)[0m  [1m[36mbegin transaction[0m
  [1m[36mCharacter Create (0.3ms)[0m  [1m[32mINSERT INTO "characters" ("name", "book_id", "created_at", "updated_at") VALUES (?, ?, ?, ?)[0m  [["name", "Murphy"], ["book_id", 3], ["created_at", "2020-06-09 14:57:01.110163"], ["updated_at", "2020-06-09 14:57:01.110163"]]
  [1m[35m (1.6ms)[0m  [1m[36mcommit transaction[0m
  [1m[35m (0.0ms)[0m  [1m[36mbegin transaction[0m
  [1m[36mCharacter Create (1.1ms)[0m  [1m[32mINSERT INTO "characters" ("name", "book_id", "created_at", "updated_at") VALUES (?, ?, ?, ?)[0m  [["name", "Dalanar"], ["book_id", 1], ["created_at", "2020-06-09 14:57:01.114721"], ["updated_at", "2020-06-09 14:57:01.114721"]]
  [1m[35m (0.7ms)[0m  [1m[36mcommit transaction[0m
  [1m[35m (0.0ms)[0m  [1m[36mbegin transaction[0m
  [1m[36mCharacter Create (0.3ms)[0m  [1m[32mINSERT INTO "characters" ("name", "book_id", "created_at", "updated_at") VALUES (?, ?, ?, ?)[0m  [["name", "Prof"], ["book_id", 2], ["created_at", "2020-06-09 14:57:01.119289"], ["updated_at", "2020-06-09 14:57:01.119289"]]
  [1m[35m (1.2ms)[0m  [1m[36mcommit transaction[0m
  [1m[35m (0.0ms)[0m  [1m[36mbegin transaction[0m
  [1m[36mCharacter Create (0.5ms)[0m  [1m[32mINSERT INTO "characters" ("name", "book_id", "created_at", "updated_at") VALUES (?, ?, ?, ?)[0m  [["name", "Susan"], ["book_id", 3], ["created_at", "2020-06-09 14:57:01.123368"], ["updated_at", "2020-06-09 14:57:01.123368"]]
  [1m[35m (1.2ms)[0m  [1m[36mcommit transaction[0m
  [1m[35m (0.3ms)[0m  [1m[34mSELECT sqlite_version(*)[0m
  [1m[36mCharacter Load (0.1ms)[0m  [1m[34mSELECT "characters".* FROM "characters" LIMIT ?[0m  [["LIMIT", 11]]
  [1m[36mBook Load (0.2ms)[0m  [1m[34mSELECT "books".* FROM "books" LIMIT ?[0m  [["LIMIT", 11]]
  [1m[36mBook Load (0.3ms)[0m  [1m[34mSELECT "books".* FROM "books" ORDER BY "books"."id" ASC LIMIT ?[0m  [["LIMIT", 1]]
  [1m[35m (1.2ms)[0m  [1m[34mSELECT sqlite_version(*)[0m
  [1m[36mBook Load (0.4ms)[0m  [1m[34mSELECT "books".* FROM "books" ORDER BY "books"."id" ASC LIMIT ?[0m  [["LIMIT", 1]]
  [1m[36mCharacter Load (0.7ms)[0m  [1m[34mSELECT "characters".* FROM "characters" WHERE "characters"."book_id" = ? LIMIT ?[0m  [["book_id", 1], ["LIMIT", 11]]
  [1m[36mBook Load (0.2ms)[0m  [1m[34mSELECT "books".* FROM "books" ORDER BY "books"."id" ASC LIMIT ?[0m  [["LIMIT", 1]]
  [1m[36mCharacter Load (0.2ms)[0m  [1m[34mSELECT "characters".* FROM "characters" WHERE "characters"."book_id" = ?[0m  [["book_id", 1]]
Started GET "/books" for ::1 at 2020-06-09 09:02:59 -0600
  [1m[35m (6.6ms)[0m  [1m[34mSELECT sqlite_version(*)[0m
  [1m[35m (0.3ms)[0m  [1m[34mSELECT "schema_migrations"."version" FROM "schema_migrations" ORDER BY "schema_migrations"."version" ASC[0m
Processing by BooksController#index as */*
  [1m[36mBook Load (0.5ms)[0m  [1m[34mSELECT "books".* FROM "books"[0m
  ↳ app/controllers/books_controller.rb:4:in `index'
  [1m[36mCharacter Load (0.9ms)[0m  [1m[34mSELECT "characters".* FROM "characters" WHERE "characters"."book_id" = ?[0m  [["book_id", 1]]
  ↳ app/controllers/books_controller.rb:4:in `index'
  [1m[36mCharacter Load (0.2ms)[0m  [1m[34mSELECT "characters".* FROM "characters" WHERE "characters"."book_id" = ?[0m  [["book_id", 2]]
  ↳ app/controllers/books_controller.rb:4:in `index'
  [1m[36mCharacter Load (0.1ms)[0m  [1m[34mSELECT "characters".* FROM "characters" WHERE "characters"."book_id" = ?[0m  [["book_id", 3]]
  ↳ app/controllers/books_controller.rb:4:in `index'
Completed 200 OK in 86ms (Views: 79.1ms | ActiveRecord: 2.6ms | Allocations: 15802)


